<?xml version="1.0" encoding="UTF-8"?>
<!-- Generated by org.testng.reporters.JUnitXMLReporter -->
<testsuite hostname="DESKTOP-FLV1Q8H" ignored="0" name="Default test(failed)(failed)" tests="3" failures="3" timestamp="12 Dec 2019 09:34:09 GMT" time="334.124" errors="0">
  <testcase name="createParentLevels" time="101.217" classname="TestCases.TC006to10_LevelCreation_Activation_PublishDocument_PublishDraft">
    <failure type="java.lang.RuntimeException" message="FAILED">
      <![CDATA[java.lang.RuntimeException: FAILED
	at Utilities.Reporter.reportStep(Reporter.java:33)
	at Utilities.Reporter.reportStep(Reporter.java:43)
	at CommonMethods.SeMethods.click(SeMethods.java:144)
	at Pages.LoginPage.moduleLandingPageLogin(LoginPage.java:60)
	at TestCases.TC006to10_LevelCreation_Activation_PublishDocument_PublishDraft.createParentLevels(TC006to10_LevelCreation_Activation_PublishDocument_PublishDraft.java:52)
... Removed 25 stack frames]]>
    </failure>
  </testcase> <!-- createParentLevels -->
  <testcase name="createParentLevels" time="83.49" classname="TestCases.TC006to10_LevelCreation_Activation_PublishDocument_PublishDraft">
    <failure type="java.lang.RuntimeException" message="FAILED">
      <![CDATA[java.lang.RuntimeException: FAILED
	at Utilities.Reporter.reportStep(Reporter.java:33)
	at Utilities.Reporter.reportStep(Reporter.java:43)
	at CommonMethods.SeMethods.click(SeMethods.java:144)
	at Pages.NewDocumentsRequest.uploadNewDocument(NewDocumentsRequest.java:84)
	at TestCases.TC006to10_LevelCreation_Activation_PublishDocument_PublishDraft.createParentLevels(TC006to10_LevelCreation_Activation_PublishDocument_PublishDraft.java:64)
... Removed 25 stack frames]]>
    </failure>
  </testcase> <!-- createParentLevels -->
  <testcase name="createParentLevels" time="133.023" classname="TestCases.TC006to10_LevelCreation_Activation_PublishDocument_PublishDraft">
    <failure type="java.lang.NullPointerException">
      <![CDATA[java.lang.NullPointerException
	at org.openqa.selenium.support.pagefactory.internal.LocatingElementHandler.invoke(LocatingElementHandler.java:51)
	at com.sun.proxy.$Proxy15.isDisplayed(Unknown Source)
	at org.openqa.selenium.support.ui.ExpectedConditions.elementIfVisible(ExpectedConditions.java:301)
	at org.openqa.selenium.support.ui.ExpectedConditions.access$100(ExpectedConditions.java:43)
	at org.openqa.selenium.support.ui.ExpectedConditions$10.apply(ExpectedConditions.java:287)
	at org.openqa.selenium.support.ui.ExpectedConditions$10.apply(ExpectedConditions.java:284)
	at org.openqa.selenium.support.ui.ExpectedConditions$23.apply(ExpectedConditions.java:672)
	at org.openqa.selenium.support.ui.ExpectedConditions$23.apply(ExpectedConditions.java:668)
	at org.openqa.selenium.support.ui.FluentWait.until(FluentWait.java:208)
	at CommonMethods.SeMethods.click(SeMethods.java:137)
	at Pages.NewDocumentDraft.uploadNewDraft(NewDocumentDraft.java:100)
	at TestCases.TC006to10_LevelCreation_Activation_PublishDocument_PublishDraft.createParentLevels(TC006to10_LevelCreation_Activation_PublishDocument_PublishDraft.java:73)
... Removed 29 stack frames]]>
    </failure>
  </testcase> <!-- createParentLevels -->
</testsuite> <!-- Default test(failed)(failed) -->
